{"C:\\Users\\Vanessa Yepes\\Documents\\universidad\\Proyecto-1\\services.js": {"path":"C:\\Users\\Vanessa Yepes\\Documents\\universidad\\Proyecto-1\\services.js","statementMap":{"0":{"start":{"line":2,"column":12},"end":{"line":7,"column":1}},"1":{"start":{"line":9,"column":31},"end":{"line":29,"column":1}},"2":{"start":{"line":11,"column":23},"end":{"line":11,"column":31}},"3":{"start":{"line":12,"column":20},"end":{"line":12,"column":28}},"4":{"start":{"line":13,"column":21},"end":{"line":13,"column":29}},"5":{"start":{"line":16,"column":4},"end":{"line":27,"column":5}},"6":{"start":{"line":17,"column":8},"end":{"line":17,"column":62}},"7":{"start":{"line":18,"column":8},"end":{"line":18,"column":47}},"8":{"start":{"line":19,"column":25},"end":{"line":19,"column":66}},"9":{"start":{"line":20,"column":8},"end":{"line":20,"column":55}},"10":{"start":{"line":21,"column":8},"end":{"line":21,"column":23}},"11":{"start":{"line":25,"column":8},"end":{"line":25,"column":68}},"12":{"start":{"line":26,"column":8},"end":{"line":26,"column":46}},"13":{"start":{"line":31,"column":21},"end":{"line":48,"column":1}},"14":{"start":{"line":32,"column":4},"end":{"line":32,"column":55}},"15":{"start":{"line":34,"column":4},"end":{"line":37,"column":5}},"16":{"start":{"line":35,"column":8},"end":{"line":35,"column":56}},"17":{"start":{"line":36,"column":8},"end":{"line":36,"column":47}},"18":{"start":{"line":39,"column":4},"end":{"line":42,"column":5}},"19":{"start":{"line":40,"column":8},"end":{"line":40,"column":55}},"20":{"start":{"line":41,"column":8},"end":{"line":41,"column":60}},"21":{"start":{"line":44,"column":4},"end":{"line":47,"column":5}},"22":{"start":{"line":45,"column":8},"end":{"line":45,"column":55}},"23":{"start":{"line":46,"column":8},"end":{"line":46,"column":60}},"24":{"start":{"line":50,"column":19},"end":{"line":69,"column":1}},"25":{"start":{"line":51,"column":4},"end":{"line":51,"column":53}},"26":{"start":{"line":52,"column":4},"end":{"line":67,"column":7}},"27":{"start":{"line":54,"column":12},"end":{"line":54,"column":37}},"28":{"start":{"line":57,"column":12},"end":{"line":57,"column":36}},"29":{"start":{"line":60,"column":12},"end":{"line":60,"column":36}},"30":{"start":{"line":63,"column":12},"end":{"line":63,"column":36}},"31":{"start":{"line":66,"column":12},"end":{"line":66,"column":51}}},"fnMap":{"0":{"name":"(anonymous_0)","decl":{"start":{"line":9,"column":31},"end":{"line":9,"column":32}},"loc":{"start":{"line":9,"column":40},"end":{"line":29,"column":1}},"line":9},"1":{"name":"(anonymous_1)","decl":{"start":{"line":31,"column":21},"end":{"line":31,"column":22}},"loc":{"start":{"line":31,"column":56},"end":{"line":48,"column":1}},"line":31},"2":{"name":"(anonymous_2)","decl":{"start":{"line":50,"column":19},"end":{"line":50,"column":20}},"loc":{"start":{"line":50,"column":54},"end":{"line":69,"column":1}},"line":50}},"branchMap":{"0":{"loc":{"start":{"line":34,"column":4},"end":{"line":37,"column":5}},"type":"if","locations":[{"start":{"line":34,"column":4},"end":{"line":37,"column":5}},{"start":{},"end":{}}],"line":34},"1":{"loc":{"start":{"line":39,"column":4},"end":{"line":42,"column":5}},"type":"if","locations":[{"start":{"line":39,"column":4},"end":{"line":42,"column":5}},{"start":{},"end":{}}],"line":39},"2":{"loc":{"start":{"line":44,"column":4},"end":{"line":47,"column":5}},"type":"if","locations":[{"start":{"line":44,"column":4},"end":{"line":47,"column":5}},{"start":{},"end":{}}],"line":44},"3":{"loc":{"start":{"line":52,"column":4},"end":{"line":67,"column":7}},"type":"switch","locations":[{"start":{"line":53,"column":8},"end":{"line":54,"column":37}},{"start":{"line":56,"column":8},"end":{"line":57,"column":36}},{"start":{"line":59,"column":8},"end":{"line":60,"column":36}},{"start":{"line":62,"column":8},"end":{"line":63,"column":36}},{"start":{"line":65,"column":8},"end":{"line":66,"column":51}}],"line":52}},"s":{"0":1,"1":1,"2":4,"3":4,"4":4,"5":4,"6":4,"7":4,"8":4,"9":4,"10":4,"11":0,"12":0,"13":1,"14":4,"15":4,"16":0,"17":0,"18":4,"19":0,"20":0,"21":4,"22":0,"23":0,"24":1,"25":4,"26":4,"27":1,"28":2,"29":1,"30":0,"31":0},"f":{"0":4,"1":4,"2":4},"b":{"0":[0,4],"1":[0,4],"2":[0,4],"3":[1,2,1,0,0]},"_coverageSchema":"1a1c01bbd47fc00a2c39e90264f33305004495a9","hash":"e2b6f94db0c3543cb79ac470322714b39df831d0"}
}
