TN:
SF:services.js
FN:9,(anonymous_0)
FN:31,(anonymous_1)
FN:50,(anonymous_2)
FNF:3
FNH:3
FNDA:4,(anonymous_0)
FNDA:4,(anonymous_1)
FNDA:4,(anonymous_2)
DA:2,1
DA:9,1
DA:11,4
DA:12,4
DA:13,4
DA:16,4
DA:17,4
DA:18,4
DA:19,4
DA:20,4
DA:21,4
DA:25,0
DA:26,0
DA:31,1
DA:32,4
DA:34,4
DA:35,0
DA:36,0
DA:39,4
DA:40,0
DA:41,0
DA:44,4
DA:45,0
DA:46,0
DA:50,1
DA:51,4
DA:52,4
DA:54,1
DA:57,2
DA:60,1
DA:63,0
DA:66,0
LF:32
LH:22
BRDA:34,0,0,0
BRDA:34,0,1,4
BRDA:39,1,0,0
BRDA:39,1,1,4
BRDA:44,2,0,0
BRDA:44,2,1,4
BRDA:52,3,0,1
BRDA:52,3,1,2
BRDA:52,3,2,1
BRDA:52,3,3,0
BRDA:52,3,4,0
BRF:11
BRH:6
end_of_record
